[ERROR 2018-08-28 21:00:03]huxiu222: list index out of range
[ERROR 2018-08-29 14:00:03]huxiu222: list index out of range
[ERROR 2018-08-30 11:30:21]huxiu111: HTTPSConnectionPool(host='www.huxiu.com', port=443): Max retries exceeded with url: /channel/102.html (Caused by NewConnectionError('<urllib3.connection.VerifiedHTTPSConnection object at 0x7fdb612cce48>: Failed to establish a new connection: [Errno -2] Name or service not known',))
[ERROR 2018-08-30 11:30:21]touzijie: HTTPConnectionPool(host='pe.pedaily.cn', port=80): Max retries exceeded with url: /vcpe/1/ (Caused by NewConnectionError('<urllib3.connection.HTTPConnection object at 0x7fdb612cb048>: Failed to establish a new connection: [Errno -2] Name or service not known',))
[ERROR 2018-08-30 11:30:21]touzhong: HTTPConnectionPool(host='www.chinaventure.com.cn', port=80): Max retries exceeded with url: /cmsmodel/news/jsonListByChannel/11/0-24.shtml (Caused by NewConnectionError('<urllib3.connection.HTTPConnection object at 0x7fdb612b5f28>: Failed to establish a new connection: [Errno -2] Name or service not known',))
[ERROR 2018-08-30 11:30:21]qingke: HTTPConnectionPool(host='news.pedata.cn', port=80): Max retries exceeded with url: /list_1_9.html (Caused by NewConnectionError('<urllib3.connection.HTTPConnection object at 0x7fdb612b5f28>: Failed to establish a new connection: [Errno -2] Name or service not known',))
[ERROR 2018-08-30 11:30:41]huxiu111: HTTPSConnectionPool(host='www.huxiu.com', port=443): Max retries exceeded with url: /channel/2.html (Caused by NewConnectionError('<urllib3.connection.VerifiedHTTPSConnection object at 0x7fdb612ccda0>: Failed to establish a new connection: [Errno -2] Name or service not known',))
[ERROR 2018-08-31 07:30:02]huxiu222: list index out of range
[ERROR 2018-08-31 07:30:04]huxiu222: list index out of range
[ERROR 2018-09-02 14:00:01]huxiu111: 'NoneType' object has no attribute 'xpath'
[ERROR 2018-09-03 20:30:02]huxiu222: list index out of range
[ERROR 2018-09-03 21:00:03]huxiu222: list index out of range
[ERROR 2018-09-03 21:30:03]huxiu222: list index out of range
[ERROR 2018-09-03 22:00:03]huxiu222: list index out of range
[ERROR 2018-09-03 22:30:03]huxiu222: list index out of range
[ERROR 2018-09-03 23:00:03]huxiu222: list index out of range
[ERROR 2018-09-03 23:30:02]huxiu222: list index out of range
[ERROR 2018-09-04 00:00:02]huxiu222: list index out of range
[ERROR 2018-09-04 00:30:04]huxiu222: list index out of range
[ERROR 2018-09-04 01:00:03]huxiu222: list index out of range
[ERROR 2018-09-04 01:30:02]huxiu222: list index out of range
[ERROR 2018-09-04 02:00:02]huxiu222: list index out of range
[ERROR 2018-09-04 02:30:02]huxiu222: list index out of range
[ERROR 2018-09-04 03:00:02]huxiu222: list index out of range
[ERROR 2018-09-04 03:30:02]huxiu222: list index out of range
[ERROR 2018-09-04 04:00:02]huxiu222: list index out of range
[ERROR 2018-09-04 04:30:02]huxiu222: list index out of range
[ERROR 2018-09-04 05:00:02]huxiu222: list index out of range
[ERROR 2018-09-04 05:30:03]huxiu222: list index out of range
[ERROR 2018-09-04 06:00:02]huxiu222: list index out of range
[ERROR 2018-09-04 06:30:02]huxiu222: list index out of range
[ERROR 2018-09-04 07:00:02]huxiu222: list index out of range
[ERROR 2018-09-04 07:30:05]huxiu222: list index out of range
[ERROR 2018-09-04 08:00:02]huxiu222: list index out of range
[ERROR 2018-09-04 08:30:02]huxiu222: list index out of range
[ERROR 2018-09-04 09:00:03]huxiu222: list index out of range
[ERROR 2018-09-04 09:30:02]huxiu222: list index out of range
[ERROR 2018-09-04 10:00:03]huxiu222: list index out of range
[ERROR 2018-09-04 10:30:03]huxiu222: list index out of range
[ERROR 2018-09-04 11:00:02]huxiu222: list index out of range
[ERROR 2018-09-04 11:30:02]huxiu222: list index out of range
[ERROR 2018-09-04 12:00:04]huxiu222: list index out of range
[ERROR 2018-09-04 12:30:02]huxiu222: list index out of range
[ERROR 2018-09-04 12:30:03]huxiu222: list index out of range
[ERROR 2018-09-04 13:00:03]huxiu222: list index out of range
[ERROR 2018-09-04 13:00:03]huxiu222: list index out of range
[ERROR 2018-09-04 13:30:02]huxiu222: list index out of range
[ERROR 2018-09-04 13:30:03]huxiu222: list index out of range
[ERROR 2018-09-04 14:00:02]huxiu222: list index out of range
[ERROR 2018-09-04 14:00:03]huxiu222: list index out of range
[ERROR 2018-09-04 14:30:02]huxiu222: list index out of range
[ERROR 2018-09-04 14:30:03]huxiu222: list index out of range
[ERROR 2018-09-04 15:00:03]huxiu222: list index out of range
[ERROR 2018-09-04 15:00:04]huxiu222: list index out of range
[ERROR 2018-09-04 15:30:03]huxiu222: list index out of range
[ERROR 2018-09-04 15:30:03]huxiu222: list index out of range
[ERROR 2018-09-04 16:00:02]huxiu222: list index out of range
[ERROR 2018-09-04 16:00:03]huxiu222: list index out of range
[ERROR 2018-09-04 16:30:03]huxiu222: list index out of range
[ERROR 2018-09-04 16:30:04]huxiu222: list index out of range
[ERROR 2018-09-04 17:00:02]huxiu222: list index out of range
[ERROR 2018-09-04 17:00:03]huxiu222: list index out of range
[ERROR 2018-09-04 17:30:02]huxiu222: list index out of range
[ERROR 2018-09-04 17:30:03]huxiu222: list index out of range
[ERROR 2018-09-04 18:00:02]huxiu222: list index out of range
[ERROR 2018-09-04 18:00:03]huxiu222: list index out of range
[ERROR 2018-09-04 18:30:03]huxiu222: list index out of range
[ERROR 2018-09-04 18:30:03]huxiu222: list index out of range
[ERROR 2018-09-04 19:00:03]huxiu222: list index out of range
[ERROR 2018-09-04 19:00:04]huxiu222: list index out of range
[ERROR 2018-09-04 19:30:03]huxiu222: list index out of range
[ERROR 2018-09-04 19:30:04]huxiu222: list index out of range
[ERROR 2018-09-04 20:00:02]huxiu222: list index out of range
[ERROR 2018-09-04 20:00:03]huxiu222: list index out of range
[ERROR 2018-09-04 20:30:03]huxiu222: list index out of range
[ERROR 2018-09-04 20:30:03]huxiu222: list index out of range
[ERROR 2018-09-04 21:00:03]huxiu222: list index out of range
[ERROR 2018-09-04 21:00:04]huxiu222: list index out of range
[ERROR 2018-09-04 21:30:03]huxiu222: list index out of range
[ERROR 2018-09-04 21:30:03]huxiu222: list index out of range
[ERROR 2018-09-04 22:00:03]huxiu222: list index out of range
[ERROR 2018-09-04 22:00:03]huxiu222: list index out of range
[ERROR 2018-09-04 22:00:04]huxiu222: list index out of range
[ERROR 2018-09-04 22:30:03]huxiu222: list index out of range
[ERROR 2018-09-04 22:30:03]huxiu222: list index out of range
[ERROR 2018-09-04 22:30:03]huxiu222: list index out of range
[ERROR 2018-09-04 23:00:03]huxiu222: list index out of range
[ERROR 2018-09-04 23:00:03]huxiu222: list index out of range
[ERROR 2018-09-04 23:00:05]huxiu222: list index out of range
[ERROR 2018-09-04 23:30:03]huxiu222: list index out of range
[ERROR 2018-09-04 23:30:03]huxiu222: list index out of range
[ERROR 2018-09-04 23:30:04]huxiu222: list index out of range
[ERROR 2018-09-05 00:00:02]huxiu222: list index out of range
[ERROR 2018-09-05 00:00:03]huxiu222: list index out of range
[ERROR 2018-09-05 00:00:04]huxiu222: list index out of range
[ERROR 2018-09-05 00:30:03]huxiu222: list index out of range
[ERROR 2018-09-05 00:30:03]huxiu222: list index out of range
[ERROR 2018-09-05 00:30:03]huxiu222: list index out of range
[ERROR 2018-09-05 01:00:02]huxiu222: list index out of range
[ERROR 2018-09-05 01:00:03]huxiu222: list index out of range
[ERROR 2018-09-05 01:00:03]huxiu222: list index out of range
[ERROR 2018-09-05 01:30:03]huxiu222: list index out of range
[ERROR 2018-09-05 01:30:03]huxiu222: list index out of range
[ERROR 2018-09-05 01:30:04]huxiu222: list index out of range
[ERROR 2018-09-05 02:00:03]huxiu222: list index out of range
[ERROR 2018-09-05 02:00:04]huxiu222: list index out of range
[ERROR 2018-09-05 02:00:04]huxiu222: list index out of range
[ERROR 2018-09-05 02:30:02]huxiu222: list index out of range
[ERROR 2018-09-05 02:30:03]huxiu222: list index out of range
[ERROR 2018-09-05 02:30:03]huxiu222: list index out of range
[ERROR 2018-09-05 03:00:03]huxiu222: list index out of range
[ERROR 2018-09-05 03:00:04]huxiu222: list index out of range
[ERROR 2018-09-05 03:00:04]huxiu222: list index out of range
[ERROR 2018-09-05 03:30:03]huxiu222: list index out of range
[ERROR 2018-09-05 03:30:04]huxiu222: list index out of range
[ERROR 2018-09-05 03:30:04]huxiu222: list index out of range
[ERROR 2018-09-05 04:00:03]huxiu222: list index out of range
[ERROR 2018-09-05 04:00:03]huxiu222: list index out of range
[ERROR 2018-09-05 04:00:03]huxiu222: list index out of range
[ERROR 2018-09-05 04:30:02]huxiu222: list index out of range
[ERROR 2018-09-05 04:30:03]huxiu222: list index out of range
[ERROR 2018-09-05 04:30:03]huxiu222: list index out of range
[ERROR 2018-09-05 05:00:03]huxiu222: list index out of range
[ERROR 2018-09-05 05:00:03]huxiu222: list index out of range
[ERROR 2018-09-05 05:00:03]huxiu222: list index out of range
[ERROR 2018-09-05 05:30:03]huxiu222: list index out of range
[ERROR 2018-09-05 05:30:03]huxiu222: list index out of range
[ERROR 2018-09-05 05:30:04]huxiu222: list index out of range
[ERROR 2018-09-05 06:00:03]huxiu222: list index out of range
[ERROR 2018-09-05 06:00:04]huxiu222: list index out of range
[ERROR 2018-09-05 06:00:04]huxiu222: list index out of range
[ERROR 2018-09-05 06:30:02]huxiu222: list index out of range
[ERROR 2018-09-05 06:30:03]huxiu222: list index out of range
[ERROR 2018-09-05 06:30:03]huxiu222: list index out of range
[ERROR 2018-09-05 07:00:03]huxiu222: list index out of range
[ERROR 2018-09-05 07:00:03]huxiu222: list index out of range
[ERROR 2018-09-05 07:00:03]huxiu222: list index out of range
[ERROR 2018-09-05 07:30:12]huxiu222: list index out of range
[ERROR 2018-09-05 07:30:13]huxiu222: list index out of range
[ERROR 2018-09-05 07:30:13]huxiu222: list index out of range
[ERROR 2018-09-05 07:30:33]touzhong: HTTPSConnectionPool(host='pic.chinaventure.com.cn', port=443): Max retries exceeded with url: //cover/20180211142556_990.jpg (Caused by NewConnectionError('<urllib3.connection.VerifiedHTTPSConnection object at 0x7f1f5abe2ef0>: Failed to establish a new connection: [Errno -2] Name or service not known',))
[ERROR 2018-09-05 08:00:23]huxiu222: list index out of range
[ERROR 2018-09-05 08:00:24]huxiu222: list index out of range
[ERROR 2018-09-05 08:00:34]huxiu222: list index out of range
[ERROR 2018-09-05 08:04:51]touzijie: HTTPConnectionPool(host='news.pedaily.cn', port=80): Max retries exceeded with url: /201808/434238.shtml (Caused by NewConnectionError('<urllib3.connection.HTTPConnection object at 0x7f4188885c18>: Failed to establish a new connection: [Errno -2] Name or service not known',))
[ERROR 2018-09-05 08:30:08]huxiu222: list index out of range
[ERROR 2018-09-05 08:30:08]huxiu222: list index out of range
[ERROR 2018-09-05 08:30:15]huxiu222: list index out of range
[ERROR 2018-09-05 08:30:27]touzhong: HTTPSConnectionPool(host='pic.chinaventure.com.cn', port=443): Max retries exceeded with url: //cover/20180611153006_196.jpg (Caused by NewConnectionError('<urllib3.connection.VerifiedHTTPSConnection object at 0x7fb89c3f9f60>: Failed to establish a new connection: [Errno -2] Name or service not known',))
[ERROR 2018-09-05 08:30:55]qingke: HTTPSConnectionPool(host='pic.pedata.cn', port=443): Max retries exceeded with url: /news/201809/8d40052ca49342deb7d594c5a5b9d1e8.jpg (Caused by NewConnectionError('<urllib3.connection.VerifiedHTTPSConnection object at 0x7fb89b07f400>: Failed to establish a new connection: [Errno -2] Name or service not known',))
[ERROR 2018-09-05 09:00:13]huxiu222: list index out of range
[ERROR 2018-09-05 09:00:13]huxiu222: list index out of range
[ERROR 2018-09-05 09:00:14]huxiu222: list index out of range
[ERROR 2018-09-05 09:01:43]touzhong: HTTPConnectionPool(host='www.chinaventure.com.cn', port=80): Max retries exceeded with url: /cmsmodel/news/jsonListByChannel/20/0-24.shtml (Caused by NewConnectionError('<urllib3.connection.HTTPConnection object at 0x7f1df4340400>: Failed to establish a new connection: [Errno -2] Name or service not known',))
[ERROR 2018-09-05 09:02:43]qingke: HTTPSConnectionPool(host='news.pedata.cn', port=443): Max retries exceeded with url: /485087.html (Caused by NewConnectionError('<urllib3.connection.VerifiedHTTPSConnection object at 0x7f1df161a0f0>: Failed to establish a new connection: [Errno -2] Name or service not known',))
[ERROR 2018-09-05 09:30:03]huxiu222: list index out of range
[ERROR 2018-09-05 09:30:04]huxiu222: list index out of range
[ERROR 2018-09-05 09:30:09]huxiu222: list index out of range
[ERROR 2018-09-05 09:35:03]touzijie: HTTPConnectionPool(host='pe.pedaily.cn', port=80): Max retries exceeded with url: /201808/434852.shtml (Caused by NewConnectionError('<urllib3.connection.HTTPConnection object at 0x7ffb8ea93e10>: Failed to establish a new connection: [Errno -2] Name or service not known',))
[ERROR 2018-09-05 10:00:31]touzhong: HTTPConnectionPool(host='www.chinaventure.com.cn', port=80): Max retries exceeded with url: /cmsmodel/news/jsonListByChannel/11/0-24.shtml (Caused by NewConnectionError('<urllib3.connection.HTTPConnection object at 0x7f0bc0448320>: Failed to establish a new connection: [Errno -2] Name or service not known',))
[ERROR 2018-09-05 10:00:38]huxiu222: list index out of range
[ERROR 2018-09-05 10:00:38]huxiu222: list index out of range
[ERROR 2018-09-05 10:00:39]huxiu222: list index out of range
[ERROR 2018-09-05 10:04:10]touzijie: HTTPConnectionPool(host='pe.pedaily.cn', port=80): Max retries exceeded with url: /201807/433938.shtml (Caused by NewConnectionError('<urllib3.connection.HTTPConnection object at 0x7f0bbeab7ba8>: Failed to establish a new connection: [Errno -2] Name or service not known',))
[ERROR 2018-09-05 10:30:08]huxiu222: list index out of range
[ERROR 2018-09-05 10:30:13]huxiu222: list index out of range
[ERROR 2018-09-05 10:30:14]huxiu222: list index out of range
[ERROR 2018-09-05 10:32:39]qingke: HTTPSConnectionPool(host='pic.pedata.cn', port=443): Max retries exceeded with url: /news/201809/ff78e406ce3c4d3483380d2c65aa6de4.jpg (Caused by NewConnectionError('<urllib3.connection.VerifiedHTTPSConnection object at 0x7f07a7dbbb70>: Failed to establish a new connection: [Errno -2] Name or service not known',))
[ERROR 2018-09-05 10:32:56]touzijie: HTTPConnectionPool(host='pe.pedaily.cn', port=80): Max retries exceeded with url: /201809/435351.shtml (Caused by NewConnectionError('<urllib3.connection.HTTPConnection object at 0x7f07ac49bc18>: Failed to establish a new connection: [Errno -2] Name or service not known',))
[ERROR 2018-09-05 11:00:08]huxiu222: list index out of range
[ERROR 2018-09-05 11:00:09]huxiu222: list index out of range
[ERROR 2018-09-05 11:00:09]huxiu222: list index out of range
[ERROR 2018-09-05 11:08:22]touzijie: HTTPConnectionPool(host='people.pedaily.cn', port=80): Max retries exceeded with url: /u/18928/434599.shtml (Caused by NewConnectionError('<urllib3.connection.HTTPConnection object at 0x7fa314f92160>: Failed to establish a new connection: [Errno -2] Name or service not known',))
[ERROR 2018-09-05 11:30:12]huxiu222: list index out of range
[ERROR 2018-09-05 11:30:18]huxiu222: list index out of range
[ERROR 2018-09-05 11:30:23]huxiu222: list index out of range
[ERROR 2018-09-05 11:30:43]qingke: HTTPSConnectionPool(host='news.pedata.cn', port=443): Max retries exceeded with url: /484718.html (Caused by NewConnectionError('<urllib3.connection.VerifiedHTTPSConnection object at 0x7f448c29b860>: Failed to establish a new connection: [Errno -2] Name or service not known',))
[ERROR 2018-09-05 11:31:35]touzhong: HTTPSConnectionPool(host='pic.chinaventure.com.cn', port=443): Max retries exceeded with url: //cover/20180116143908_539.jpg (Caused by NewConnectionError('<urllib3.connection.VerifiedHTTPSConnection object at 0x7f448c2fcdd8>: Failed to establish a new connection: [Errno -2] Name or service not known',))
[ERROR 2018-09-05 12:00:07]huxiu222: list index out of range
[ERROR 2018-09-05 12:00:23]huxiu222: list index out of range
[ERROR 2018-09-05 12:00:28]huxiu222: list index out of range
[ERROR 2018-09-05 12:00:34]huxiu222: list index out of range
[ERROR 2018-09-05 12:30:18]huxiu222: list index out of range
[ERROR 2018-09-05 12:30:19]huxiu222: list index out of range
[ERROR 2018-09-05 12:30:31]huxiu222: list index out of range
[ERROR 2018-09-05 12:34:11]touzijie: HTTPSConnectionPool(host='pic2.pedaily.cn', port=443): Max retries exceeded with url: /default/scenery2/other/306518.jpg (Caused by NewConnectionError('<urllib3.connection.VerifiedHTTPSConnection object at 0x7fd517b40198>: Failed to establish a new connection: [Errno -2] Name or service not known',))
[ERROR 2018-09-05 13:00:03]huxiu222: list index out of range
[ERROR 2018-09-05 13:00:03]huxiu222: list index out of range
[ERROR 2018-09-05 13:00:04]huxiu222: list index out of range
[ERROR 2018-09-05 13:30:03]huxiu222: list index out of range
[ERROR 2018-09-05 13:30:04]huxiu222: list index out of range
[ERROR 2018-09-05 13:30:04]huxiu222: list index out of range
[ERROR 2018-09-05 14:00:02]huxiu222: list index out of range
[ERROR 2018-09-05 14:00:03]huxiu222: list index out of range
[ERROR 2018-09-05 14:00:03]huxiu222: list index out of range
[ERROR 2018-09-05 14:30:02]huxiu222: list index out of range
[ERROR 2018-09-05 14:30:03]huxiu222: list index out of range
[ERROR 2018-09-05 14:30:03]huxiu222: list index out of range
[ERROR 2018-09-05 15:00:02]huxiu222: list index out of range
[ERROR 2018-09-05 15:00:03]huxiu222: list index out of range
[ERROR 2018-09-05 15:00:03]huxiu222: list index out of range
[ERROR 2018-09-05 15:30:04]huxiu222: list index out of range
[ERROR 2018-09-05 15:30:04]huxiu222: list index out of range
[ERROR 2018-09-05 15:30:08]huxiu222: list index out of range
[ERROR 2018-09-05 16:00:03]huxiu222: list index out of range
[ERROR 2018-09-05 16:00:03]huxiu222: list index out of range
[ERROR 2018-09-05 16:00:03]huxiu222: list index out of range
[ERROR 2018-09-05 16:30:03]huxiu222: list index out of range
[ERROR 2018-09-05 16:30:03]huxiu222: list index out of range
[ERROR 2018-09-05 16:30:04]huxiu222: list index out of range
[ERROR 2018-09-05 17:00:02]huxiu222: list index out of range
[ERROR 2018-09-05 17:00:03]huxiu222: list index out of range
[ERROR 2018-09-05 17:00:03]huxiu222: list index out of range
[ERROR 2018-09-05 17:30:03]huxiu222: list index out of range
[ERROR 2018-09-05 17:30:04]huxiu222: list index out of range
[ERROR 2018-09-05 17:30:04]huxiu222: list index out of range
[ERROR 2018-09-05 18:00:03]huxiu222: list index out of range
[ERROR 2018-09-05 18:00:03]huxiu222: list index out of range
[ERROR 2018-09-05 18:00:04]huxiu222: list index out of range
[ERROR 2018-09-05 18:30:03]huxiu222: list index out of range
[ERROR 2018-09-05 18:30:03]huxiu222: list index out of range
[ERROR 2018-09-05 18:30:04]huxiu222: list index out of range
[ERROR 2018-09-05 19:00:03]huxiu222: list index out of range
[ERROR 2018-09-05 19:00:04]huxiu222: list index out of range
[ERROR 2018-09-05 19:00:04]huxiu222: list index out of range
[ERROR 2018-09-05 19:30:03]huxiu222: list index out of range
[ERROR 2018-09-05 19:30:04]huxiu222: list index out of range
[ERROR 2018-09-05 19:30:04]huxiu222: list index out of range
[ERROR 2018-09-05 20:00:03]huxiu222: list index out of range
[ERROR 2018-09-05 20:00:03]huxiu222: list index out of range
[ERROR 2018-09-05 20:00:04]huxiu222: list index out of range
[ERROR 2018-09-05 20:30:07]huxiu222: list index out of range
[ERROR 2018-09-05 20:30:07]huxiu222: list index out of range
[ERROR 2018-09-05 20:30:08]huxiu222: list index out of range
[ERROR 2018-09-05 21:00:06]huxiu222: list index out of range
[ERROR 2018-09-05 21:00:07]huxiu222: list index out of range
[ERROR 2018-09-05 21:00:17]huxiu222: list index out of range
[ERROR 2018-09-05 21:30:03]huxiu222: list index out of range
[ERROR 2018-09-05 21:30:04]huxiu222: list index out of range
[ERROR 2018-09-05 21:30:09]huxiu222: list index out of range
[ERROR 2018-09-05 22:00:04]huxiu222: list index out of range
[ERROR 2018-09-05 22:00:06]huxiu222: list index out of range
[ERROR 2018-09-05 22:00:06]huxiu222: list index out of range
[ERROR 2018-09-05 22:30:04]huxiu222: list index out of range
[ERROR 2018-09-05 22:30:05]huxiu222: list index out of range
[ERROR 2018-09-05 22:30:06]huxiu222: list index out of range
[ERROR 2018-09-05 23:00:04]huxiu222: list index out of range
[ERROR 2018-09-05 23:00:05]huxiu222: list index out of range
[ERROR 2018-09-05 23:00:06]huxiu222: list index out of range
[ERROR 2018-09-05 23:30:03]huxiu222: list index out of range
[ERROR 2018-09-05 23:30:04]huxiu222: list index out of range
[ERROR 2018-09-05 23:30:04]huxiu222: list index out of range
[ERROR 2018-09-06 00:00:03]huxiu222: list index out of range
[ERROR 2018-09-06 00:00:04]huxiu222: list index out of range
[ERROR 2018-09-06 00:00:04]huxiu222: list index out of range
[ERROR 2018-09-06 00:30:03]huxiu222: list index out of range
[ERROR 2018-09-06 00:30:04]huxiu222: list index out of range
[ERROR 2018-09-06 00:30:04]huxiu222: list index out of range
[ERROR 2018-09-06 01:00:03]huxiu222: list index out of range
[ERROR 2018-09-06 01:00:04]huxiu222: list index out of range
[ERROR 2018-09-06 01:00:04]huxiu222: list index out of range
[ERROR 2018-09-06 01:30:03]huxiu222: list index out of range
[ERROR 2018-09-06 01:30:04]huxiu222: list index out of range
[ERROR 2018-09-06 01:30:04]huxiu222: list index out of range
[ERROR 2018-09-06 02:00:03]huxiu222: list index out of range
[ERROR 2018-09-06 02:00:03]huxiu222: list index out of range
[ERROR 2018-09-06 02:00:04]huxiu222: list index out of range
[ERROR 2018-09-06 02:30:03]huxiu222: list index out of range
[ERROR 2018-09-06 02:30:03]huxiu222: list index out of range
[ERROR 2018-09-06 02:30:04]huxiu222: list index out of range
[ERROR 2018-09-06 03:00:03]huxiu222: list index out of range
[ERROR 2018-09-06 03:00:03]huxiu222: list index out of range
[ERROR 2018-09-06 03:00:04]huxiu222: list index out of range
[ERROR 2018-09-06 03:30:03]huxiu222: list index out of range
[ERROR 2018-09-06 03:30:03]huxiu222: list index out of range
[ERROR 2018-09-06 03:30:04]huxiu222: list index out of range
[ERROR 2018-09-06 04:00:02]huxiu222: list index out of range
[ERROR 2018-09-06 04:00:03]huxiu222: list index out of range
[ERROR 2018-09-06 04:00:03]huxiu222: list index out of range
[ERROR 2018-09-06 04:30:03]huxiu222: list index out of range
[ERROR 2018-09-06 04:30:04]huxiu222: list index out of range
[ERROR 2018-09-06 04:30:05]huxiu222: list index out of range
[ERROR 2018-09-06 05:00:02]huxiu222: list index out of range
[ERROR 2018-09-06 05:00:03]huxiu222: list index out of range
[ERROR 2018-09-06 05:00:03]huxiu222: list index out of range
[ERROR 2018-09-06 05:30:03]huxiu222: list index out of range
[ERROR 2018-09-06 05:30:04]huxiu222: list index out of range
[ERROR 2018-09-06 05:30:04]huxiu222: list index out of range
[ERROR 2018-09-06 06:00:03]huxiu222: list index out of range
[ERROR 2018-09-06 06:00:03]huxiu222: list index out of range
[ERROR 2018-09-06 06:00:04]huxiu222: list index out of range
[ERROR 2018-09-06 06:30:03]huxiu222: list index out of range
[ERROR 2018-09-06 06:30:03]huxiu222: list index out of range
[ERROR 2018-09-06 06:30:04]huxiu222: list index out of range
[ERROR 2018-09-06 07:00:03]huxiu222: list index out of range
[ERROR 2018-09-06 07:00:03]huxiu222: list index out of range
[ERROR 2018-09-06 07:00:03]huxiu222: list index out of range
[ERROR 2018-09-06 07:30:03]huxiu222: list index out of range
[ERROR 2018-09-06 07:30:04]huxiu222: list index out of range
[ERROR 2018-09-06 07:30:04]huxiu222: list index out of range
[ERROR 2018-09-06 08:00:04]huxiu222: list index out of range
[ERROR 2018-09-06 08:00:04]huxiu222: list index out of range
[ERROR 2018-09-06 08:00:05]huxiu222: list index out of range
[ERROR 2018-09-06 08:30:03]huxiu222: list index out of range
[ERROR 2018-09-06 08:30:03]huxiu222: list index out of range
[ERROR 2018-09-06 08:30:04]huxiu222: list index out of range
[ERROR 2018-09-06 09:00:03]huxiu222: list index out of range
[ERROR 2018-09-06 09:00:04]huxiu222: list index out of range
[ERROR 2018-09-06 09:00:04]huxiu222: list index out of range
[ERROR 2018-09-06 09:30:03]huxiu222: list index out of range
[ERROR 2018-09-06 09:30:04]huxiu222: list index out of range
[ERROR 2018-09-06 09:30:04]huxiu222: list index out of range
[ERROR 2018-09-06 10:00:03]huxiu222: list index out of range
[ERROR 2018-09-06 10:00:04]huxiu222: list index out of range
[ERROR 2018-09-06 10:30:03]huxiu222: list index out of range
[ERROR 2018-09-06 10:30:03]huxiu222: list index out of range
[ERROR 2018-09-06 11:00:02]huxiu222: list index out of range
[ERROR 2018-09-06 11:00:03]huxiu222: list index out of range
[ERROR 2018-09-06 11:30:02]huxiu222: list index out of range
[ERROR 2018-09-06 11:30:03]huxiu222: list index out of range
[ERROR 2018-09-06 12:00:02]huxiu222: list index out of range
[ERROR 2018-09-06 12:00:03]huxiu222: list index out of range
[ERROR 2018-09-06 12:30:03]huxiu222: list index out of range
[ERROR 2018-09-06 12:30:03]huxiu222: list index out of range
[ERROR 2018-09-06 13:00:04]huxiu222: list index out of range
[ERROR 2018-09-06 13:00:04]huxiu222: list index out of range
[ERROR 2018-09-06 13:30:03]huxiu222: list index out of range
[ERROR 2018-09-06 13:30:03]huxiu222: list index out of range
[ERROR 2018-09-06 14:00:03]huxiu222: list index out of range
[ERROR 2018-09-06 14:00:04]huxiu222: list index out of range
[ERROR 2018-09-06 14:30:03]huxiu222: list index out of range
[ERROR 2018-09-06 14:30:04]huxiu222: list index out of range
[ERROR 2018-09-06 15:00:02]huxiu222: list index out of range
[ERROR 2018-09-06 15:00:03]huxiu222: list index out of range
[ERROR 2018-09-06 15:30:03]huxiu222: list index out of range
[ERROR 2018-09-06 15:30:03]huxiu222: list index out of range
[ERROR 2018-09-06 16:00:03]huxiu222: list index out of range
[ERROR 2018-09-06 16:00:03]huxiu222: list index out of range
[ERROR 2018-09-06 16:30:03]huxiu222: list index out of range
[ERROR 2018-09-06 16:30:03]huxiu222: list index out of range
[ERROR 2018-09-06 17:00:03]huxiu222: list index out of range
[ERROR 2018-09-06 17:00:03]huxiu222: list index out of range
[ERROR 2018-09-06 17:30:03]huxiu222: list index out of range
[ERROR 2018-09-06 17:30:03]huxiu222: list index out of range
[ERROR 2018-09-06 18:00:08]huxiu222: list index out of range
[ERROR 2018-09-06 18:00:09]huxiu222: list index out of range
[ERROR 2018-09-06 18:30:03]huxiu222: list index out of range
[ERROR 2018-09-06 18:30:03]huxiu222: list index out of range
[ERROR 2018-09-06 19:00:03]huxiu222: list index out of range
[ERROR 2018-09-06 19:00:03]huxiu222: list index out of range
[ERROR 2018-09-06 19:30:02]huxiu222: list index out of range
[ERROR 2018-09-06 19:30:03]huxiu222: list index out of range
[ERROR 2018-09-06 20:00:03]huxiu222: list index out of range
[ERROR 2018-09-06 20:00:03]huxiu222: list index out of range
[ERROR 2018-09-06 20:30:03]huxiu222: list index out of range
[ERROR 2018-09-06 20:30:04]huxiu222: list index out of range
[ERROR 2018-09-06 21:00:03]huxiu222: list index out of range
[ERROR 2018-09-06 21:00:03]huxiu222: list index out of range
[ERROR 2018-09-06 21:30:02]huxiu222: list index out of range
[ERROR 2018-09-06 21:30:08]huxiu222: list index out of range
[ERROR 2018-09-06 22:00:03]huxiu222: list index out of range
[ERROR 2018-09-06 22:00:04]huxiu222: list index out of range
[ERROR 2018-09-06 22:30:03]huxiu222: list index out of range
[ERROR 2018-09-06 22:30:03]huxiu222: list index out of range
[ERROR 2018-09-06 23:00:03]huxiu222: list index out of range
[ERROR 2018-09-06 23:00:04]huxiu222: list index out of range
[ERROR 2018-09-06 23:30:02]huxiu222: list index out of range
[ERROR 2018-09-06 23:30:03]huxiu222: list index out of range
[ERROR 2018-09-07 00:00:02]huxiu222: list index out of range
[ERROR 2018-09-07 00:00:03]huxiu222: list index out of range
[ERROR 2018-09-07 00:30:03]huxiu222: list index out of range
[ERROR 2018-09-07 00:30:04]huxiu222: list index out of range
[ERROR 2018-09-07 01:00:03]huxiu222: list index out of range
[ERROR 2018-09-07 01:00:03]huxiu222: list index out of range
[ERROR 2018-09-07 01:30:03]huxiu222: list index out of range
[ERROR 2018-09-07 01:30:03]huxiu222: list index out of range
[ERROR 2018-09-07 02:00:02]huxiu222: list index out of range
[ERROR 2018-09-07 02:00:03]huxiu222: list index out of range
[ERROR 2018-09-07 02:30:02]huxiu222: list index out of range
[ERROR 2018-09-07 02:30:03]huxiu222: list index out of range
[ERROR 2018-09-07 03:00:03]huxiu222: list index out of range
[ERROR 2018-09-07 03:00:03]huxiu222: list index out of range
[ERROR 2018-09-07 03:30:02]huxiu222: list index out of range
[ERROR 2018-09-07 03:30:03]huxiu222: list index out of range
[ERROR 2018-09-07 04:00:02]huxiu222: list index out of range
[ERROR 2018-09-07 04:00:03]huxiu222: list index out of range
[ERROR 2018-09-07 04:30:03]huxiu222: list index out of range
[ERROR 2018-09-07 04:30:03]huxiu222: list index out of range
[ERROR 2018-09-07 05:00:03]huxiu222: list index out of range
[ERROR 2018-09-07 05:00:04]huxiu222: list index out of range
[ERROR 2018-09-07 05:30:03]huxiu222: list index out of range
[ERROR 2018-09-07 05:30:04]huxiu222: list index out of range
[ERROR 2018-09-07 06:00:03]huxiu222: list index out of range
[ERROR 2018-09-07 06:00:04]huxiu222: list index out of range
[ERROR 2018-09-07 06:30:03]huxiu222: list index out of range
[ERROR 2018-09-07 06:30:03]huxiu222: list index out of range
[ERROR 2018-09-07 07:00:03]huxiu222: list index out of range
[ERROR 2018-09-07 07:00:04]huxiu222: list index out of range
[ERROR 2018-09-07 07:30:03]huxiu222: list index out of range
[ERROR 2018-09-07 07:30:03]huxiu222: list index out of range
[ERROR 2018-09-07 08:00:02]huxiu222: list index out of range
[ERROR 2018-09-07 08:00:03]huxiu222: list index out of range
[ERROR 2018-09-07 08:30:03]huxiu222: list index out of range
[ERROR 2018-09-07 08:30:04]huxiu222: list index out of range
[ERROR 2018-09-07 09:00:03]huxiu222: list index out of range
[ERROR 2018-09-07 09:00:03]huxiu222: list index out of range
[ERROR 2018-09-07 09:30:03]huxiu222: list index out of range
[ERROR 2018-09-07 09:30:04]huxiu222: list index out of range
[ERROR 2018-09-07 10:00:02]huxiu222: list index out of range
[ERROR 2018-09-07 10:00:03]huxiu222: list index out of range
[ERROR 2018-09-07 10:30:02]huxiu222: list index out of range
[ERROR 2018-09-07 10:30:04]huxiu222: list index out of range
[ERROR 2018-09-07 11:00:03]huxiu222: list index out of range
[ERROR 2018-09-07 11:00:03]huxiu222: list index out of range
[ERROR 2018-09-07 11:30:02]huxiu222: list index out of range
[ERROR 2018-09-07 11:30:03]huxiu222: list index out of range
[ERROR 2018-09-07 12:00:03]huxiu222: list index out of range
[ERROR 2018-09-07 12:00:03]huxiu222: list index out of range
[ERROR 2018-09-07 12:30:03]huxiu222: list index out of range
[ERROR 2018-09-07 12:30:03]huxiu222: list index out of range
[ERROR 2018-09-07 13:00:03]huxiu222: list index out of range
[ERROR 2018-09-07 13:00:03]huxiu222: list index out of range
[ERROR 2018-09-07 13:30:02]huxiu222: list index out of range
[ERROR 2018-09-07 13:30:03]huxiu222: list index out of range
[ERROR 2018-09-07 14:00:03]touzijie: 'NoneType' object has no attribute 'find_all'
[ERROR 2018-09-07 14:00:03]huxiu222: list index out of range
[ERROR 2018-09-07 14:00:04]huxiu222: list index out of range
[ERROR 2018-09-07 14:30:03]huxiu222: list index out of range
[ERROR 2018-09-07 14:30:03]huxiu222: list index out of range
[ERROR 2018-09-07 15:00:03]huxiu222: list index out of range
[ERROR 2018-09-07 15:00:03]huxiu222: list index out of range
[ERROR 2018-09-07 15:30:02]huxiu222: list index out of range
[ERROR 2018-09-07 15:30:03]huxiu222: list index out of range
[ERROR 2018-09-07 16:00:08]huxiu222: list index out of range
[ERROR 2018-09-07 16:00:08]huxiu222: list index out of range
[ERROR 2018-09-07 16:30:03]huxiu222: list index out of range
[ERROR 2018-09-07 16:30:03]huxiu222: list index out of range
[ERROR 2018-09-07 17:00:03]huxiu222: list index out of range
[ERROR 2018-09-07 17:00:03]huxiu222: list index out of range
[ERROR 2018-09-07 17:30:03]huxiu222: list index out of range
[ERROR 2018-09-07 17:30:03]huxiu222: list index out of range
[ERROR 2018-09-07 18:00:02]huxiu222: list index out of range
[ERROR 2018-09-07 18:00:03]huxiu222: list index out of range
[ERROR 2018-09-07 18:30:01]touzijie: 'NoneType' object has no attribute 'find_all'
[ERROR 2018-09-07 18:30:02]huxiu222: list index out of range
[ERROR 2018-09-07 18:30:03]huxiu222: list index out of range
[ERROR 2018-09-07 19:00:02]huxiu222: list index out of range
[ERROR 2018-09-07 19:00:03]huxiu222: list index out of range
[ERROR 2018-09-07 19:00:03]huxiu222: list index out of range
[ERROR 2018-09-07 19:30:03]huxiu222: list index out of range
[ERROR 2018-09-07 19:30:03]huxiu222: list index out of range
[ERROR 2018-09-07 20:00:02]touzijie: 'NoneType' object has no attribute 'find_all'
[ERROR 2018-09-07 20:00:02]huxiu222: list index out of range
[ERROR 2018-09-07 20:00:03]huxiu222: list index out of range
[ERROR 2018-09-07 20:30:03]touzijie: 'NoneType' object has no attribute 'find_all'
[ERROR 2018-09-07 20:30:03]huxiu222: list index out of range
[ERROR 2018-09-07 20:30:04]huxiu222: list index out of range
[ERROR 2018-09-07 21:00:03]huxiu222: list index out of range
[ERROR 2018-09-07 21:00:04]huxiu222: list index out of range
[ERROR 2018-09-07 21:30:03]huxiu222: list index out of range
[ERROR 2018-09-07 21:30:03]huxiu222: list index out of range
[ERROR 2018-09-07 22:00:03]huxiu222: list index out of range
[ERROR 2018-09-07 22:00:03]huxiu222: list index out of range
[ERROR 2018-09-07 22:30:03]huxiu222: list index out of range
[ERROR 2018-09-07 22:30:03]huxiu222: list index out of range
[ERROR 2018-09-07 23:00:03]huxiu222: list index out of range
[ERROR 2018-09-07 23:00:03]huxiu222: list index out of range
[ERROR 2018-09-07 23:30:02]huxiu222: list index out of range
[ERROR 2018-09-07 23:30:03]huxiu222: list index out of range
[ERROR 2018-09-08 00:00:02]huxiu222: list index out of range
[ERROR 2018-09-08 00:00:03]huxiu222: list index out of range
[ERROR 2018-09-08 00:30:03]huxiu222: list index out of range
[ERROR 2018-09-08 00:30:04]huxiu222: list index out of range
[ERROR 2018-09-08 01:00:03]huxiu222: list index out of range
[ERROR 2018-09-08 01:00:03]huxiu222: list index out of range
[ERROR 2018-09-08 01:30:03]huxiu222: list index out of range
[ERROR 2018-09-08 01:30:03]huxiu222: list index out of range
[ERROR 2018-09-08 02:00:02]huxiu222: list index out of range
[ERROR 2018-09-08 02:00:03]huxiu222: list index out of range
[ERROR 2018-09-08 02:30:02]huxiu222: list index out of range
[ERROR 2018-09-08 02:30:03]huxiu222: list index out of range
[ERROR 2018-09-08 03:00:02]huxiu222: list index out of range
[ERROR 2018-09-08 03:00:03]huxiu222: list index out of range
[ERROR 2018-09-08 03:30:03]huxiu222: list index out of range
[ERROR 2018-09-08 03:30:03]huxiu222: list index out of range
[ERROR 2018-09-08 04:00:04]huxiu222: list index out of range
[ERROR 2018-09-08 04:00:05]huxiu222: list index out of range
[ERROR 2018-09-08 04:30:03]huxiu222: list index out of range
[ERROR 2018-09-08 04:30:03]huxiu222: list index out of range
[ERROR 2018-09-08 05:00:02]huxiu222: list index out of range
[ERROR 2018-09-08 05:00:03]huxiu222: list index out of range
[ERROR 2018-09-08 05:30:03]huxiu222: list index out of range
[ERROR 2018-09-08 05:30:04]huxiu222: list index out of range
[ERROR 2018-09-08 06:00:03]huxiu222: list index out of range
[ERROR 2018-09-08 06:00:05]huxiu222: list index out of range
[ERROR 2018-09-08 06:30:03]huxiu222: list index out of range
[ERROR 2018-09-08 06:30:03]huxiu222: list index out of range
[ERROR 2018-09-08 07:00:03]huxiu222: list index out of range
[ERROR 2018-09-08 07:00:03]huxiu222: list index out of range
[ERROR 2018-09-08 07:30:03]huxiu222: list index out of range
[ERROR 2018-09-08 07:30:03]huxiu222: list index out of range
[ERROR 2018-09-08 08:00:03]huxiu222: list index out of range
[ERROR 2018-09-08 08:00:04]huxiu222: list index out of range
[ERROR 2018-09-08 08:30:03]huxiu222: list index out of range
[ERROR 2018-09-08 08:30:03]huxiu222: list index out of range
[ERROR 2018-09-08 09:00:02]huxiu222: list index out of range
[ERROR 2018-09-08 09:00:03]huxiu222: list index out of range
[ERROR 2018-09-08 09:30:03]huxiu222: list index out of range
[ERROR 2018-09-08 09:30:03]huxiu222: list index out of range
[ERROR 2018-09-08 10:00:08]huxiu222: list index out of range
[ERROR 2018-09-08 10:00:08]huxiu222: list index out of range
[ERROR 2018-09-08 10:30:03]huxiu222: list index out of range
[ERROR 2018-09-08 10:30:03]huxiu222: list index out of range
[ERROR 2018-09-08 11:00:03]huxiu222: list index out of range
[ERROR 2018-09-08 11:00:03]huxiu222: list index out of range
[ERROR 2018-09-08 11:30:03]huxiu222: list index out of range
[ERROR 2018-09-08 11:30:04]huxiu222: list index out of range
[ERROR 2018-09-08 11:35:40]touzijie: 'NoneType' object has no attribute 'find_all'
[ERROR 2018-09-08 12:00:03]huxiu222: list index out of range
[ERROR 2018-09-08 12:00:03]huxiu222: list index out of range
[ERROR 2018-09-08 12:30:03]huxiu222: list index out of range
[ERROR 2018-09-08 12:30:03]huxiu222: list index out of range
[ERROR 2018-09-08 13:00:03]huxiu222: list index out of range
[ERROR 2018-09-08 13:00:04]huxiu222: list index out of range
[ERROR 2018-09-08 13:30:02]huxiu222: list index out of range
[ERROR 2018-09-08 13:30:03]huxiu222: list index out of range
[ERROR 2018-09-08 14:00:03]huxiu222: list index out of range
[ERROR 2018-09-08 14:00:03]huxiu222: list index out of range
[ERROR 2018-09-08 14:30:03]huxiu222: list index out of range
[ERROR 2018-09-08 14:30:03]huxiu222: list index out of range
[ERROR 2018-09-08 15:00:03]huxiu222: list index out of range
[ERROR 2018-09-08 15:00:03]huxiu222: list index out of range
[ERROR 2018-09-08 15:30:03]huxiu222: list index out of range
[ERROR 2018-09-08 15:30:03]huxiu222: list index out of range
[ERROR 2018-09-08 16:00:02]huxiu222: list index out of range
[ERROR 2018-09-08 16:00:03]huxiu222: list index out of range
[ERROR 2018-09-08 16:30:03]huxiu222: list index out of range
[ERROR 2018-09-08 16:30:03]huxiu222: list index out of range
[ERROR 2018-09-08 17:00:03]huxiu222: list index out of range
[ERROR 2018-09-08 17:00:03]huxiu222: list index out of range
[ERROR 2018-09-08 17:30:02]huxiu222: list index out of range
[ERROR 2018-09-08 17:30:03]huxiu222: list index out of range
[ERROR 2018-09-08 18:00:02]huxiu222: list index out of range
[ERROR 2018-09-08 18:00:03]huxiu222: list index out of range
[ERROR 2018-09-08 18:30:03]huxiu222: list index out of range
[ERROR 2018-09-08 18:30:03]huxiu222: list index out of range
[ERROR 2018-09-08 19:00:03]huxiu222: list index out of range
[ERROR 2018-09-08 19:00:03]huxiu222: list index out of range
[ERROR 2018-09-08 19:30:03]huxiu222: list index out of range
[ERROR 2018-09-08 19:30:04]huxiu222: list index out of range
[ERROR 2018-09-08 20:00:02]huxiu222: list index out of range
[ERROR 2018-09-08 20:00:02]huxiu222: list index out of range
[ERROR 2018-09-08 20:30:03]huxiu222: list index out of range
[ERROR 2018-09-08 20:30:03]huxiu222: list index out of range
[ERROR 2018-09-08 21:00:03]huxiu222: list index out of range
[ERROR 2018-09-08 21:00:03]huxiu222: list index out of range
[ERROR 2018-09-08 21:30:02]huxiu222: list index out of range
[ERROR 2018-09-08 21:30:03]huxiu222: list index out of range
[ERROR 2018-09-08 22:00:03]huxiu222: list index out of range
[ERROR 2018-09-08 22:00:03]huxiu222: list index out of range
[ERROR 2018-09-08 22:06:03]touzijie: 'NoneType' object has no attribute 'find_all'
[ERROR 2018-09-08 22:30:03]huxiu222: list index out of range
[ERROR 2018-09-08 22:30:03]huxiu222: list index out of range
[ERROR 2018-09-08 23:00:03]huxiu222: list index out of range
[ERROR 2018-09-08 23:00:03]huxiu222: list index out of range
[ERROR 2018-09-08 23:30:03]huxiu222: list index out of range
[ERROR 2018-09-08 23:30:03]huxiu222: list index out of range
[ERROR 2018-09-09 00:00:03]huxiu222: list index out of range
[ERROR 2018-09-09 00:00:04]huxiu222: list index out of range
[ERROR 2018-09-09 00:30:03]huxiu222: list index out of range
[ERROR 2018-09-09 00:30:03]huxiu222: list index out of range
[ERROR 2018-09-09 01:00:03]huxiu222: list index out of range
[ERROR 2018-09-09 01:00:03]huxiu222: list index out of range
[ERROR 2018-09-09 01:30:02]huxiu222: list index out of range
[ERROR 2018-09-09 01:30:03]huxiu222: list index out of range
[ERROR 2018-09-09 02:00:02]huxiu222: list index out of range
[ERROR 2018-09-09 02:00:03]huxiu222: list index out of range
[ERROR 2018-09-09 02:30:03]huxiu222: list index out of range
[ERROR 2018-09-09 02:30:04]huxiu222: list index out of range
[ERROR 2018-09-09 03:00:03]huxiu222: list index out of range
[ERROR 2018-09-09 03:00:03]huxiu222: list index out of range
[ERROR 2018-09-09 03:05:02]touzijie: 'NoneType' object has no attribute 'find_all'
[ERROR 2018-09-09 03:30:03]huxiu222: list index out of range
[ERROR 2018-09-09 03:30:03]huxiu222: list index out of range
[ERROR 2018-09-09 04:00:03]huxiu222: list index out of range
[ERROR 2018-09-09 04:00:03]huxiu222: list index out of range
[ERROR 2018-09-09 04:30:02]huxiu222: list index out of range
[ERROR 2018-09-09 04:30:03]huxiu222: list index out of range
[ERROR 2018-09-09 05:00:03]huxiu222: list index out of range
[ERROR 2018-09-09 05:00:04]huxiu222: list index out of range
[ERROR 2018-09-09 05:30:02]huxiu222: list index out of range
[ERROR 2018-09-09 05:30:03]huxiu222: list index out of range
[ERROR 2018-09-09 06:00:03]huxiu222: list index out of range
[ERROR 2018-09-09 06:00:03]huxiu222: list index out of range
[ERROR 2018-09-09 06:30:03]huxiu222: list index out of range
[ERROR 2018-09-09 06:30:03]huxiu222: list index out of range
[ERROR 2018-09-09 06:34:02]touzijie: 'NoneType' object has no attribute 'find_all'
[ERROR 2018-09-09 07:00:02]huxiu222: list index out of range
[ERROR 2018-09-09 07:00:03]huxiu222: list index out of range
[ERROR 2018-09-09 07:30:03]huxiu222: list index out of range
[ERROR 2018-09-09 07:30:04]huxiu222: list index out of range
[ERROR 2018-09-09 08:00:03]huxiu222: list index out of range
[ERROR 2018-09-09 08:00:03]huxiu222: list index out of range
[ERROR 2018-09-09 08:30:03]huxiu222: list index out of range
[ERROR 2018-09-09 08:30:03]huxiu222: list index out of range
[ERROR 2018-09-09 09:00:03]huxiu222: list index out of range
[ERROR 2018-09-09 09:00:04]huxiu222: list index out of range
[ERROR 2018-09-09 09:30:03]huxiu222: list index out of range
[ERROR 2018-09-09 09:30:03]huxiu222: list index out of range
[ERROR 2018-09-09 10:00:03]huxiu222: list index out of range
[ERROR 2018-09-09 10:00:03]huxiu222: list index out of range
[ERROR 2018-09-09 10:05:02]touzijie: 'NoneType' object has no attribute 'find_all'
[ERROR 2018-09-09 10:30:03]huxiu222: list index out of range
[ERROR 2018-09-09 10:30:03]huxiu222: list index out of range
[ERROR 2018-09-09 11:00:03]huxiu222: list index out of range
[ERROR 2018-09-09 11:00:03]huxiu222: list index out of range
[ERROR 2018-09-09 11:04:01]touzijie: 'NoneType' object has no attribute 'find_all'
[ERROR 2018-09-09 11:30:02]huxiu222: list index out of range
[ERROR 2018-09-09 11:30:03]huxiu222: list index out of range
[ERROR 2018-09-09 11:38:15]touzijie: 'NoneType' object has no attribute 'find_all'
[ERROR 2018-09-09 12:00:03]huxiu222: list index out of range
[ERROR 2018-09-09 12:00:03]huxiu222: list index out of range
[ERROR 2018-09-09 12:08:03]touzijie: 'NoneType' object has no attribute 'find_all'
[ERROR 2018-09-09 12:30:02]huxiu222: list index out of range
[ERROR 2018-09-09 12:30:03]huxiu222: list index out of range
[ERROR 2018-09-09 13:00:03]huxiu222: list index out of range
[ERROR 2018-09-09 13:00:03]huxiu222: list index out of range
[ERROR 2018-09-09 13:30:02]huxiu222: list index out of range
[ERROR 2018-09-09 13:30:03]huxiu222: list index out of range
[ERROR 2018-09-09 14:00:03]huxiu222: list index out of range
[ERROR 2018-09-09 14:00:04]huxiu222: list index out of range
[ERROR 2018-09-09 14:30:02]huxiu222: list index out of range
[ERROR 2018-09-09 14:30:03]huxiu222: list index out of range
[ERROR 2018-09-09 15:00:03]huxiu222: list index out of range
[ERROR 2018-09-09 15:00:03]huxiu222: list index out of range
[ERROR 2018-09-09 15:30:03]huxiu222: list index out of range
[ERROR 2018-09-09 15:30:03]huxiu222: list index out of range
[ERROR 2018-09-09 15:34:02]touzijie: 'NoneType' object has no attribute 'find_all'
[ERROR 2018-09-09 16:00:03]huxiu222: list index out of range
[ERROR 2018-09-09 16:00:03]huxiu222: list index out of range
[ERROR 2018-09-09 16:30:03]huxiu222: list index out of range
[ERROR 2018-09-09 16:30:04]huxiu222: list index out of range
[ERROR 2018-09-09 17:00:03]huxiu222: list index out of range
[ERROR 2018-09-09 17:00:03]huxiu222: list index out of range
[ERROR 2018-09-09 17:30:03]huxiu222: list index out of range
[ERROR 2018-09-09 17:30:03]huxiu222: list index out of range
[ERROR 2018-09-09 18:00:03]huxiu222: list index out of range
[ERROR 2018-09-09 18:00:03]huxiu222: list index out of range
[ERROR 2018-09-09 18:30:03]huxiu222: list index out of range
[ERROR 2018-09-09 18:30:04]huxiu222: list index out of range
[ERROR 2018-09-09 19:00:03]huxiu222: list index out of range
[ERROR 2018-09-09 19:00:03]huxiu222: list index out of range
[ERROR 2018-09-09 19:30:03]huxiu222: list index out of range
[ERROR 2018-09-09 19:30:03]huxiu222: list index out of range
[ERROR 2018-09-09 20:00:03]huxiu222: list index out of range
[ERROR 2018-09-09 20:00:04]huxiu222: list index out of range
[ERROR 2018-09-09 20:30:02]huxiu222: list index out of range
[ERROR 2018-09-09 20:30:03]huxiu222: list index out of range
[ERROR 2018-09-09 21:00:03]huxiu222: list index out of range
[ERROR 2018-09-09 21:00:04]huxiu222: list index out of range
[ERROR 2018-09-09 21:30:03]huxiu222: list index out of range
[ERROR 2018-09-09 21:30:03]huxiu222: list index out of range
[ERROR 2018-09-09 22:00:03]huxiu222: list index out of range
[ERROR 2018-09-09 22:00:03]huxiu222: list index out of range
[ERROR 2018-09-09 22:30:03]huxiu222: list index out of range
[ERROR 2018-09-09 22:30:03]huxiu222: list index out of range
[ERROR 2018-09-09 23:00:02]huxiu222: list index out of range
[ERROR 2018-09-09 23:00:03]huxiu222: list index out of range
[ERROR 2018-09-09 23:07:02]touzijie: 'NoneType' object has no attribute 'find_all'
[ERROR 2018-09-09 23:30:02]huxiu222: list index out of range
[ERROR 2018-09-09 23:30:03]huxiu222: list index out of range
[ERROR 2018-09-10 00:00:03]huxiu222: list index out of range
[ERROR 2018-09-10 00:00:04]huxiu222: list index out of range
[ERROR 2018-09-10 00:30:04]huxiu222: list index out of range
[ERROR 2018-09-10 00:30:04]huxiu222: list index out of range
[ERROR 2018-09-10 01:00:03]huxiu222: list index out of range
[ERROR 2018-09-10 01:00:03]huxiu222: list index out of range
[ERROR 2018-09-10 01:30:03]huxiu222: list index out of range
[ERROR 2018-09-10 01:30:03]huxiu222: list index out of range
[ERROR 2018-09-10 02:00:03]huxiu222: list index out of range
[ERROR 2018-09-10 02:00:03]huxiu222: list index out of range
[ERROR 2018-09-10 02:30:03]huxiu222: list index out of range
[ERROR 2018-09-10 02:30:03]huxiu222: list index out of range
[ERROR 2018-09-10 03:00:03]huxiu222: list index out of range
[ERROR 2018-09-10 03:00:03]huxiu222: list index out of range
[ERROR 2018-09-10 03:00:04]huxiu222: list index out of range
[ERROR 2018-09-10 03:30:03]huxiu222: list index out of range
[ERROR 2018-09-10 03:30:03]huxiu222: list index out of range
[ERROR 2018-09-10 04:00:03]huxiu222: list index out of range
[ERROR 2018-09-10 04:00:03]huxiu222: list index out of range
[ERROR 2018-09-10 04:04:03]touzijie: 'NoneType' object has no attribute 'find_all'
[ERROR 2018-09-10 04:30:02]huxiu222: list index out of range
[ERROR 2018-09-10 04:30:03]huxiu222: list index out of range
[ERROR 2018-09-10 05:00:03]huxiu222: list index out of range
[ERROR 2018-09-10 05:00:04]huxiu222: list index out of range
[ERROR 2018-09-10 05:30:02]huxiu222: list index out of range
[ERROR 2018-09-10 05:30:03]huxiu222: list index out of range
[ERROR 2018-09-10 06:00:02]huxiu222: list index out of range
[ERROR 2018-09-10 06:00:03]huxiu222: list index out of range
[ERROR 2018-09-10 06:30:03]huxiu222: list index out of range
[ERROR 2018-09-10 06:30:03]huxiu222: list index out of range
[ERROR 2018-09-10 07:00:02]huxiu222: list index out of range
[ERROR 2018-09-10 07:00:03]huxiu222: list index out of range
[ERROR 2018-09-10 07:30:02]huxiu222: list index out of range
[ERROR 2018-09-10 07:30:03]huxiu222: list index out of range
[ERROR 2018-09-10 08:00:02]huxiu222: list index out of range
[ERROR 2018-09-10 08:00:08]huxiu222: list index out of range
[ERROR 2018-09-10 08:30:02]huxiu222: list index out of range
[ERROR 2018-09-10 08:30:03]huxiu222: list index out of range
[ERROR 2018-09-10 08:34:02]touzijie: 'NoneType' object has no attribute 'find_all'
[ERROR 2018-09-10 09:00:02]huxiu222: list index out of range
[ERROR 2018-09-10 09:00:03]huxiu222: list index out of range
[ERROR 2018-09-10 09:30:02]huxiu222: list index out of range
[ERROR 2018-09-10 09:30:03]huxiu222: list index out of range
[ERROR 2018-09-10 10:00:02]huxiu222: list index out of range
[ERROR 2018-09-10 10:00:03]huxiu222: list index out of range
[ERROR 2018-09-10 10:30:03]huxiu222: list index out of range
[ERROR 2018-09-10 10:30:03]huxiu222: list index out of range
[ERROR 2018-09-10 11:00:02]huxiu222: list index out of range
[ERROR 2018-09-12 19:30:48]touzhong: HTTPSConnectionPool(host='pic.chinaventure.com.cn', port=443): Max retries exceeded with url: //cover/20180703125205_945.jpg (Caused by SSLError(SSLEOFError(8, 'EOF occurred in violation of protocol (_ssl.c:777)'),))
[ERROR 2018-09-12 21:00:06]qingke: HTTPSConnectionPool(host='news.pedata.cn', port=443): Max retries exceeded with url: /486493.html (Caused by NewConnectionError('<urllib3.connection.VerifiedHTTPSConnection object at 0x7f573fdcdc88>: Failed to establish a new connection: [Errno 111] Connection refused',))
[ERROR 2018-09-14 07:15:03]huxiu222: list index out of range
[ERROR 2018-09-15 02:17:09]touzhong: HTTPConnectionPool(host='www.chinaventure.com.cn', port=80): Max retries exceeded with url: /cmsmodel/news/jsonListByChannel/11/0-24.shtml (Caused by NewConnectionError('<urllib3.connection.HTTPConnection object at 0x7f60ff19d390>: Failed to establish a new connection: [Errno 110] Connection timed out',))
[ERROR 2018-09-16 15:45:06]touzhong: invalid syntax (<string>, line 1)
[ERROR 2018-09-16 21:02:09]touzhong: HTTPSConnectionPool(host='pic.chinaventure.com.cn', port=443): Max retries exceeded with url: /pic_depot/2016/07/a3cdf4cb0a29116ede34c66216e4f2f3.gif (Caused by NewConnectionError('<urllib3.connection.VerifiedHTTPSConnection object at 0x7fd807a39908>: Failed to establish a new connection: [Errno 110] Connection timed out',))
[ERROR 2018-09-17 13:30:02]touzijie: 'NoneType' object has no attribute 'find_all'
[ERROR 2018-09-18 00:00:05]touzhong: invalid syntax (<string>, line 1)
[ERROR 2018-09-18 07:15:02]huxiu222: list index out of range
[ERROR 2018-09-18 14:35:59]huxiu222: list index out of range
[ERROR 2018-09-18 14:36:01]huxiu222: list index out of range
[ERROR 2018-09-18 14:40:03]huxiu222: E11000 duplicate key error collection: finance_news.getnews index: title_idx dup key: { : "iPhoneiPhone Xr/XS Max/XRofo" }
[ERROR 2018-09-18 14:40:05]huxiu222: E11000 duplicate key error collection: finance_news.getnews index: title_idx dup key: { : "3" }
[ERROR 2018-09-18 14:41:15]huxiu222: E11000 duplicate key error collection: finance_news.getnews index: title_idx dup key: { : "1.7%" }
[ERROR 2018-09-18 14:41:30]huxiu222: E11000 duplicate key error collection: finance_news.getnews index: title_idx dup key: { : "20132" }
[ERROR 2018-09-18 14:41:59]huxiu222: E11000 duplicate key error collection: finance_news.getnews index: title_idx dup key: { : "" }
[ERROR 2018-09-18 14:42:01]huxiu222: list index out of range
[ERROR 2018-09-18 14:42:32]huxiu222: E11000 duplicate key error collection: finance_news.getnews index: title_idx dup key: { : "1992" }
[ERROR 2018-09-18 14:42:33]huxiu222: E11000 duplicate key error collection: finance_news.getnews index: title_idx dup key: { : "" }
[ERROR 2018-09-18 14:42:45]huxiu222: E11000 duplicate key error collection: finance_news.getnews index: title_idx dup key: { : "APP" }
[ERROR 2018-09-18 14:43:07]huxiu222: E11000 duplicate key error collection: finance_news.getnews index: title_idx dup key: { : "" }
[ERROR 2018-09-18 14:44:22]huxiu222: E11000 duplicate key error collection: finance_news.getnews index: title_idx dup key: { : "" }
[ERROR 2018-09-18 14:44:23]huxiu222: list index out of range
[ERROR 2018-09-18 14:44:44]huxiu222: list index out of range
